This is XeTeX, Version 3.14159265-2.6-0.999992 (MiKTeX 20.11) (preloaded format=xelatex 2020.11.28)  16 SEP 2021 17:18
entering extended mode
**./main.tex
(main.tex
LaTeX2e <2020-10-01> patch level 2
L3 programming layer <2020-10-27> xparse <2020-03-03>
("/Users/pj/Library/Application Support/MiKTeX/texmfs/install/tex/latex/thesis/
thesis.cls"
Document Class: thesis 1996/25/01 1.0g LaTeX document class (wm).
\hours=\count171
\minutes=\count172

("/Users/pj/Library/Application Support/MiKTeX/texmfs/install/tex/latex/base/bk
10.clo"
File: bk10.clo 2020/04/10 v1.4m Standard LaTeX file (size option)
)
\c@part=\count173
\c@chapter=\count174
\c@section=\count175
\c@subsection=\count176
\c@subsubsection=\count177
\c@paragraph=\count178
\c@subparagraph=\count179
\beforechaptervspace=\skip47
\afterchaptervspace=\skip48
\exampleindent=\skip49
\c@figure=\count180
\c@table=\count181
\abovecaptionskip=\skip50
\belowcaptionskip=\skip51
\bibindent=\dimen138
)
("/Users/pj/Library/Application Support/MiKTeX/texmfs/install/tex/generic/babel
/babel.sty"
Package: babel 2020/10/27 3.51 The Babel package

("/Users/pj/Library/Application Support/MiKTeX/texmfs/install/tex/generic/babel
/babel.def"
File: babel.def 2020/10/27 3.51 Babel common definitions
\babel@savecnt=\count182
\U@D=\dimen139
\l@babelnohyphens=\language79

("/Users/pj/Library/Application Support/MiKTeX/texmfs/install/tex/generic/babel
/xebabel.def"
("/Users/pj/Library/Application Support/MiKTeX/texmfs/install/tex/generic/babel
/txtbabel.def"))
\bbl@readstream=\read2
)
\bbl@dirlevel=\count183

*************************************
* Local config file bblopts.cfg used
*

("/Users/pj/Library/Application Support/MiKTeX/texmfs/install/tex/latex/arabi/b
blopts.cfg"
File: bblopts.cfg 2005/09/08 v0.1 add Arabic and Farsi to "declared" options of
 babel
)
("/Users/pj/Library/Application Support/MiKTeX/texmfs/install/tex/latex/babel-e
nglish/english.ldf"
Language: english 2017/06/06 v3.3r English support from the babel system
Package babel Info: \l@canadian = using hyphenrules for english
(babel)             (\language0) on input line 102.
Package babel Info: \l@australian = using hyphenrules for ukenglish
(babel)             (\language73) on input line 105.
Package babel Info: \l@newzealand = using hyphenrules for ukenglish
(babel)             (\language73) on input line 108.
))
("/Users/pj/Library/Application Support/MiKTeX/texmfs/install/tex/latex/base/in
putenc.sty"
Package: inputenc 2020/08/01 v1.3d Input encoding file
\inpenc@prehook=\toks15
\inpenc@posthook=\toks16


Package inputenc Warning: inputenc package ignored with utf8 based engines.

)
("/Users/pj/Library/Application Support/MiKTeX/texmfs/install/tex/latex/wallpap
er/wallpaper.sty"
Package: wallpaper 2005/01/18, v1.01 easy wallpaper formatting (MHFW)

("/Users/pj/Library/Application Support/MiKTeX/texmfs/install/tex/latex/base/if
then.sty"
Package: ifthen 2014/09/29 v1.1c Standard LaTeX ifthen package (DPC)
)
("/Users/pj/Library/Application Support/MiKTeX/texmfs/install/tex/latex/tools/c
alc.sty"
Package: calc 2017/05/25 v4.3 Infix arithmetic (KKT,FJ)
\calc@Acount=\count184
\calc@Bcount=\count185
\calc@Adimen=\dimen140
\calc@Bdimen=\dimen141
\calc@Askip=\skip52
\calc@Bskip=\skip53
LaTeX Info: Redefining \setlength on input line 80.
LaTeX Info: Redefining \addtolength on input line 81.
\calc@Ccount=\count186
\calc@Cskip=\skip54
)
("/Users/pj/Library/Application Support/MiKTeX/texmfs/install/tex/latex/eso-pic
/eso-pic.sty"
Package: eso-pic 2020/09/27 v2.0i eso-pic (RN)

("/Users/pj/Library/Application Support/MiKTeX/texmfs/install/tex/latex/base/at
begshi-ltx.sty"
Package: atbegshi-ltx 2020/08/17 v1.0a Emulation of the original atbegshi packa
ge
with kernel methods
)
\ESO@tempdima=\dimen142
\ESO@tempdimb=\dimen143

("/Users/pj/Library/Application Support/MiKTeX/texmfs/install/tex/latex/graphic
s/keyval.sty"
Package: keyval 2014/10/28 v1.15 key=value parser (DPC)
\KV@toks@=\toks17
)
("/Users/pj/Library/Application Support/MiKTeX/texmfs/install/tex/latex/xcolor/
xcolor.sty"
Package: xcolor 2016/05/11 v2.12 LaTeX color extensions (UK)

("/Users/pj/Library/Application Support/MiKTeX/texmfs/install/tex/latex/graphic
s-cfg/color.cfg"
File: color.cfg 2016/01/02 v1.6 sample color configuration
)
Package xcolor Info: Driver file: xetex.def on input line 225.

("/Users/pj/Library/Application Support/MiKTeX/texmfs/install/tex/latex/graphic
s-def/xetex.def"
File: xetex.def 2020/08/26 v5.0i Graphics/color driver for xetex
)
("/Users/pj/Library/Application Support/MiKTeX/texmfs/install/tex/latex/colortb
l/colortbl.sty"
Package: colortbl 2020/01/04 v1.0e Color table columns (DPC)

("/Users/pj/Library/Application Support/MiKTeX/texmfs/install/tex/latex/tools/a
rray.sty"
Package: array 2019/08/31 v2.4l Tabular extension package (FMi)
\col@sep=\dimen144
\ar@mcellbox=\box47
\extrarowheight=\dimen145
\NC@list=\toks18
\extratabsurround=\skip55
\backup@length=\skip56
\ar@cellbox=\box48
)
\everycr=\toks19
\minrowclearance=\skip57
)
\rownum=\count187
Package xcolor Info: Model `cmy' substituted by `cmy0' on input line 1348.
Package xcolor Info: Model `RGB' extended on input line 1364.
Package xcolor Info: Model `HTML' substituted by `rgb' on input line 1366.
Package xcolor Info: Model `Hsb' substituted by `hsb' on input line 1367.
Package xcolor Info: Model `tHsb' substituted by `hsb' on input line 1368.
Package xcolor Info: Model `HSB' substituted by `hsb' on input line 1369.
Package xcolor Info: Model `Gray' substituted by `gray' on input line 1370.
Package xcolor Info: Model `wave' substituted by `hsb' on input line 1371.
))
("/Users/pj/Library/Application Support/MiKTeX/texmfs/install/tex/latex/graphic
s/graphicx.sty"
Package: graphicx 2020/09/09 v1.2b Enhanced LaTeX Graphics (DPC,SPQR)

("/Users/pj/Library/Application Support/MiKTeX/texmfs/install/tex/latex/graphic
s/graphics.sty"
Package: graphics 2020/08/30 v1.4c Standard LaTeX Graphics (DPC,SPQR)

("/Users/pj/Library/Application Support/MiKTeX/texmfs/install/tex/latex/graphic
s/trig.sty"
Package: trig 2016/01/03 v1.10 sin cos tan (DPC)
)
("/Users/pj/Library/Application Support/MiKTeX/texmfs/install/tex/latex/graphic
s-cfg/graphics.cfg"
File: graphics.cfg 2016/06/04 v1.11 sample graphics configuration
)
Package graphics Info: Driver file: xetex.def on input line 105.
)
\Gin@req@height=\dimen146
\Gin@req@width=\dimen147
)
\wpXoffset=\skip58
\wpYoffset=\skip59
\tileXoffset=\skip60
\tileYoffset=\skip61
\tilewidth=\skip62
\tileheight=\skip63
\tileX=\skip64
\tileY=\skip65
)
("/Users/pj/Library/Application Support/MiKTeX/texmfs/install/tex/latex/textpos
/textpos.sty"
Package: textpos 2020/09/26 v1.10

Package: textpos 2020/09/26 1.10, absolute positioning of text on the page
Package textpos Info: choosing support for LaTeX3 on input line 61.
\TP@textbox=\box49
\TP@holdbox=\box50
\TPHorizModule=\dimen148
\TPVertModule=\dimen149
\TP@margin=\dimen150
\TP@absmargin=\dimen151
Grid set 16 x 16 = 37.34424pt x 52.81541pt
\TPboxrulesize=\dimen152
\TP@ox=\dimen153
\TP@oy=\dimen154
\TP@tbargs=\toks20
TextBlockOrigin set to 0pt x 0pt
)
("/Users/pj/Library/Application Support/MiKTeX/texmfs/install/tex/latex/geometr
y/geometry.sty"
Package: geometry 2020/01/02 v5.9 Page Geometry

("/Users/pj/Library/Application Support/MiKTeX/texmfs/install/tex/generic/iftex
/ifvtex.sty"
Package: ifvtex 2019/10/25 v1.7 ifvtex legacy package. Use iftex instead.

("/Users/pj/Library/Application Support/MiKTeX/texmfs/install/tex/generic/iftex
/iftex.sty"
Package: iftex 2020/03/06 v1.0d TeX engine tests
))
\Gm@cnth=\count188
\Gm@cntv=\count189
\c@Gm@tempcnt=\count190
\Gm@bindingoffset=\dimen155
\Gm@wd@mp=\dimen156
\Gm@odd@mp=\dimen157
\Gm@even@mp=\dimen158
\Gm@layoutwidth=\dimen159
\Gm@layoutheight=\dimen160
\Gm@layouthoffset=\dimen161
\Gm@layoutvoffset=\dimen162
\Gm@dimlist=\toks21

("/Users/pj/Library/Application Support/MiKTeX/texmfs/install/tex/xelatex/xetex
config/geometry.cfg"))
("/Users/pj/Library/Application Support/MiKTeX/texmfs/install/tex/latex/xltxtra
/xltxtra.sty"
Package: xltxtra 2018/12/31 v0.7 Improvements for the "XeLaTeX" format

("/Users/pj/Library/Application Support/MiKTeX/texmfs/install/tex/generic/iftex
/ifluatex.sty"
Package: ifluatex 2019/10/25 v1.5 ifluatex legacy package. Use iftex instead.
)
("/Users/pj/Library/Application Support/MiKTeX/texmfs/install/tex/generic/iftex
/ifxetex.sty"
Package: ifxetex 2019/10/25 v0.7 ifxetex legacy package. Use iftex instead.
)
("/Users/pj/Library/Application Support/MiKTeX/texmfs/install/tex/latex/fontspe
c/fontspec.sty"
("/Users/pj/Library/Application Support/MiKTeX/texmfs/install/tex/latex/l3packa
ges/xparse/xparse.sty"
("/Users/pj/Library/Application Support/MiKTeX/texmfs/install/tex/latex/l3kerne
l/expl3.sty"
Package: expl3 2020-10-27 L3 programming layer (loader) 

("/Users/pj/Library/Application Support/MiKTeX/texmfs/install/tex/latex/l3backe
nd/l3backend-xetex.def"
File: l3backend-xetex.def 2020-09-24 L3 backend support: XeTeX
\g__graphics_track_int=\count191
\l__pdf_internal_box=\box51
\g__pdf_backend_object_int=\count192
\g__pdf_backend_annotation_int=\count193
))
Package: xparse 2020-10-27 L3 Experimental document command parser

("/Users/pj/Library/Application Support/MiKTeX/texmfs/install/tex/latex/l3packa
ges/xparse/xparse-generic.tex"))
Package: fontspec 2020/02/21 v2.7i Font selection for XeLaTeX and LuaLaTeX

("/Users/pj/Library/Application Support/MiKTeX/texmfs/install/tex/latex/fontspe
c/fontspec-xetex.sty"
Package: fontspec-xetex 2020/02/21 v2.7i Font selection for XeLaTeX and LuaLaTe
X
\l__fontspec_script_int=\count194
\l__fontspec_language_int=\count195
\l__fontspec_strnum_int=\count196
\l__fontspec_tmp_int=\count197
\l__fontspec_tmpa_int=\count198
\l__fontspec_tmpb_int=\count199
\l__fontspec_tmpc_int=\count266
\l__fontspec_em_int=\count267
\l__fontspec_emdef_int=\count268
\l__fontspec_strong_int=\count269
\l__fontspec_strongdef_int=\count270
\l__fontspec_tmpa_dim=\dimen163
\l__fontspec_tmpb_dim=\dimen164
\l__fontspec_tmpc_dim=\dimen165

("/Users/pj/Library/Application Support/MiKTeX/texmfs/install/tex/latex/base/fo
ntenc.sty"
Package: fontenc 2020/08/10 v2.0s Standard LaTeX package
)
("/Users/pj/Library/Application Support/MiKTeX/texmfs/install/tex/latex/fontspe
c/fontspec.cfg")))
("/Users/pj/Library/Application Support/MiKTeX/texmfs/install/tex/latex/realscr
ipts/realscripts.sty"
Package: realscripts 2016/02/13 v0.3d Access OpenType subscripts and superscrip
ts
\subsupersep=\dimen166
)
("/Users/pj/Library/Application Support/MiKTeX/texmfs/install/tex/latex/metalog
o/metalogo.sty"
Package: metalogo 2010/05/29 v0.12 Extended TeX logo macros
\xl@everylogo=\toks22
\xl@@everylogo=\toks23
LaTeX Info: Redefining \TeX on input line 193.
LaTeX Info: Redefining \LaTeX on input line 202.
LaTeX Info: Redefining \LaTeXe on input line 219.
)
\l__xetex_show_hyphens_wrapping_box=\box52
\l__xetex_show_hyphens_temp_box=\box53
\l__xetex_show_hyphens_final_box=\box54
\g__xetex_show_hyphens_word_box=\box55
)
("/Users/pj/Library/Application Support/MiKTeX/texmfs/install/tex/latex/caption
/caption.sty"
Package: caption 2020/10/26 v3.5g Customizing captions (AR)

("/Users/pj/Library/Application Support/MiKTeX/texmfs/install/tex/latex/caption
/caption3.sty"
Package: caption3 2020/10/21 v2.2e caption3 kernel (AR)
\captionmargin=\dimen167
\captionmargin@=\dimen168
\captionwidth=\dimen169
\caption@tempdima=\dimen170
\caption@indent=\dimen171
\caption@parindent=\dimen172
\caption@hangindent=\dimen173
Package caption Info: thesis document class detected.

("/Users/pj/Library/Application Support/MiKTeX/texmfs/install/tex/latex/caption
/caption-thesis.sto"
File: caption-thesis.sto 2020/08/22 v2.0 Adaption of the caption package to the
 thesis document class (AR)
))
\c@caption@flags=\count271
\c@continuedfloat=\count272
)
("/Users/pj/Library/Application Support/MiKTeX/texmfs/install/tex/latex/wrapfig
/wrapfig.sty"
\wrapoverhang=\dimen174
\WF@size=\dimen175
\c@WF@wrappedlines=\count273
\WF@box=\box56
\WF@everypar=\toks24
Package: wrapfig 2003/01/31  v 3.6
)
("/Users/pj/Library/Application Support/MiKTeX/texmfs/install/tex/latex/biblate
x/biblatex.sty"
Package: biblatex 2020/08/23 v3.15a programmable bibliographies (PK/MW)

("/Users/pj/Library/Application Support/MiKTeX/texmfs/install/tex/generic/pdfte
xcmds/pdftexcmds.sty"
Package: pdftexcmds 2020-06-27 v0.33 Utility functions of pdfTeX for LuaTeX (HO
)

("/Users/pj/Library/Application Support/MiKTeX/texmfs/install/tex/generic/infwa
rerr/infwarerr.sty"
Package: infwarerr 2019/12/03 v1.5 Providing info/warning/error messages (HO)
)
("/Users/pj/Library/Application Support/MiKTeX/texmfs/install/tex/generic/ltxcm
ds/ltxcmds.sty"
Package: ltxcmds 2020-05-10 v1.25 LaTeX kernel commands for general use (HO)
)
Package pdftexcmds Info: \pdf@primitive is available.
Package pdftexcmds Info: \pdf@ifprimitive is available.
Package pdftexcmds Info: \pdfdraftmode not found.
)
("/Users/pj/Library/Application Support/MiKTeX/texmfs/install/tex/latex/etoolbo
x/etoolbox.sty"
Package: etoolbox 2020/10/05 v2.5k e-TeX tools for LaTeX (JAW)
\etb@tempcnta=\count274
)
("/Users/pj/Library/Application Support/MiKTeX/texmfs/install/tex/latex/kvoptio
ns/kvoptions.sty"
Package: kvoptions 2020-10-07 v3.14 Key value format for package options (HO)

("/Users/pj/Library/Application Support/MiKTeX/texmfs/install/tex/generic/kvset
keys/kvsetkeys.sty"
Package: kvsetkeys 2019/12/15 v1.18 Key value parser (HO)
))
("/Users/pj/Library/Application Support/MiKTeX/texmfs/install/tex/latex/logreq/
logreq.sty"
Package: logreq 2010/08/04 v1.0 xml request logger
\lrq@indent=\count275

("/Users/pj/Library/Application Support/MiKTeX/texmfs/install/tex/latex/logreq/
logreq.def"
File: logreq.def 2010/08/04 v1.0 logreq spec v1.0
))
("/Users/pj/Library/Application Support/MiKTeX/texmfs/install/tex/latex/url/url
.sty"
\Urlmuskip=\muskip16
Package: url 2013/09/16  ver 3.4  Verb mode for urls, etc.
)
\c@tabx@nest=\count276
\c@listtotal=\count277
\c@listcount=\count278
\c@liststart=\count279
\c@liststop=\count280
\c@citecount=\count281
\c@citetotal=\count282
\c@multicitecount=\count283
\c@multicitetotal=\count284
\c@instcount=\count285
\c@maxnames=\count286
\c@minnames=\count287
\c@maxitems=\count288
\c@minitems=\count289
\c@citecounter=\count290
\c@maxcitecounter=\count291
\c@savedcitecounter=\count292
\c@uniquelist=\count293
\c@uniquename=\count294
\c@refsection=\count295
\c@refsegment=\count296
\c@maxextratitle=\count297
\c@maxextratitleyear=\count298
\c@maxextraname=\count299
\c@maxextradate=\count300
\c@maxextraalpha=\count301
\c@abbrvpenalty=\count302
\c@highnamepenalty=\count303
\c@lownamepenalty=\count304
\c@maxparens=\count305
\c@parenlevel=\count306
\blx@tempcnta=\count307
\blx@tempcntb=\count308
\blx@tempcntc=\count309
\blx@maxsection=\count310
\blx@maxsegment@0=\count311
\blx@notetype=\count312
\blx@parenlevel@text=\count313
\blx@parenlevel@foot=\count314
\blx@sectionciteorder@0=\count315
\blx@entrysetcounter=\count316
\blx@biblioinstance=\count317
\labelnumberwidth=\skip66
\labelalphawidth=\skip67
\biblabelsep=\skip68
\bibitemsep=\skip69
\bibnamesep=\skip70
\bibinitsep=\skip71
\bibparsep=\skip72
\bibhang=\skip73
\blx@bcfin=\read3
\blx@bcfout=\write3
\blx@langwohyphens=\language80
\c@mincomprange=\count318
\c@maxcomprange=\count319
\c@mincompwidth=\count320
Package biblatex Info: Trying to load biblatex default data model...
Package biblatex Info: ... file 'blx-dm.def' found.

("/Users/pj/Library/Application Support/MiKTeX/texmfs/install/tex/latex/biblate
x/blx-dm.def"
File: blx-dm.def 2020/08/23 v3.15a biblatex localization (PK/MW)
)
Package biblatex Info: Trying to load biblatex style data model...
Package biblatex Info: ... file 'ieee.dbx' not found.
Package biblatex Info: Trying to load biblatex custom data model...
Package biblatex Info: ... file 'biblatex-dm.cfg' not found.
\c@afterword=\count321
\c@savedafterword=\count322
\c@annotator=\count323
\c@savedannotator=\count324
\c@author=\count325
\c@savedauthor=\count326
\c@bookauthor=\count327
\c@savedbookauthor=\count328
\c@commentator=\count329
\c@savedcommentator=\count330
\c@editor=\count331
\c@savededitor=\count332
\c@editora=\count333
\c@savededitora=\count334
\c@editorb=\count335
\c@savededitorb=\count336
\c@editorc=\count337
\c@savededitorc=\count338
\c@foreword=\count339
\c@savedforeword=\count340
\c@holder=\count341
\c@savedholder=\count342
\c@introduction=\count343
\c@savedintroduction=\count344
\c@namea=\count345
\c@savednamea=\count346
\c@nameb=\count347
\c@savednameb=\count348
\c@namec=\count349
\c@savednamec=\count350
\c@translator=\count351
\c@savedtranslator=\count352
\c@shortauthor=\count353
\c@savedshortauthor=\count354
\c@shorteditor=\count355
\c@savedshorteditor=\count356
\c@labelname=\count357
\c@savedlabelname=\count358
\c@institution=\count359
\c@savedinstitution=\count360
\c@lista=\count361
\c@savedlista=\count362
\c@listb=\count363
\c@savedlistb=\count364
\c@listc=\count365
\c@savedlistc=\count366
\c@listd=\count367
\c@savedlistd=\count368
\c@liste=\count369
\c@savedliste=\count370
\c@listf=\count371
\c@savedlistf=\count372
\c@location=\count373
\c@savedlocation=\count374
\c@organization=\count375
\c@savedorganization=\count376
\c@origlocation=\count377
\c@savedoriglocation=\count378
\c@origpublisher=\count379
\c@savedorigpublisher=\count380
\c@publisher=\count381
\c@savedpublisher=\count382
\c@language=\count383
\c@savedlanguage=\count384
\c@origlanguage=\count385
\c@savedoriglanguage=\count386
\c@pageref=\count387
\c@savedpageref=\count388
\shorthandwidth=\skip74
\shortjournalwidth=\skip75
\shortserieswidth=\skip76
\shorttitlewidth=\skip77
\shortauthorwidth=\skip78
\shorteditorwidth=\skip79
\locallabelnumberwidth=\skip80
\locallabelalphawidth=\skip81
\localshorthandwidth=\skip82
\localshortjournalwidth=\skip83
\localshortserieswidth=\skip84
\localshorttitlewidth=\skip85
\localshortauthorwidth=\skip86
\localshorteditorwidth=\skip87
Package biblatex Info: Trying to load enhanced support for Unicode engines...
Package biblatex Info: ... file 'blx-unicode.def' found.

("/Users/pj/Library/Application Support/MiKTeX/texmfs/install/tex/latex/biblate
x/blx-unicode.def")
Package biblatex Info: Trying to load compatibility code...
Package biblatex Info: ... file 'blx-compat.def' found.

("/Users/pj/Library/Application Support/MiKTeX/texmfs/install/tex/latex/biblate
x/blx-compat.def"
File: blx-compat.def 2020/08/23 v3.15a biblatex compatibility (PK/MW)
)
Package biblatex Info: expl3
(biblatex)             2020-10-27 L3 programming layer (loader) 
(biblatex)             is new enough (at least 2020/04/06),
(biblatex)             setting 'casechanger=expl3'.
Package biblatex Info: Trying to load expl3 case changing code...
Package biblatex Info: ... file 'blx-case-expl3.def' found.

("/Users/pj/Library/Application Support/MiKTeX/texmfs/install/tex/latex/biblate
x/blx-case-expl3.def"
File: blx-case-expl3 2020/08/23 v3.15a expl3 case changing code for biblatex
)
Package biblatex Info: Trying to load generic definitions...
Package biblatex Info: ... file 'biblatex.def' found.

("/Users/pj/Library/Application Support/MiKTeX/texmfs/install/tex/latex/biblate
x/biblatex.def"
File: biblatex.def 2020/08/23 v3.15a biblatex compatibility (PK/MW)
\c@textcitecount=\count389
\c@textcitetotal=\count390
\c@textcitemaxnames=\count391
\c@biburlbigbreakpenalty=\count392
\c@biburlbreakpenalty=\count393
\c@biburlnumpenalty=\count394
\c@biburlucpenalty=\count395
\c@biburllcpenalty=\count396
\biburlbigskip=\muskip17
\biburlnumskip=\muskip18
\biburlucskip=\muskip19
\biburllcskip=\muskip20
\c@smartand=\count397
)
Package biblatex Info: Trying to load bibliography style 'ieee'...
Package biblatex Info: ... file 'ieee.bbx' found.

("/Users/pj/Library/Application Support/MiKTeX/texmfs/install/tex/latex/biblate
x-ieee/ieee.bbx"
File: ieee.bbx 2020/08/31 v1.3c biblatex bibliography style
Package biblatex Info: Trying to load bibliography style 'numeric-comp'...
Package biblatex Info: ... file 'numeric-comp.bbx' found.

("/Users/pj/Library/Application Support/MiKTeX/texmfs/install/tex/latex/biblate
x/bbx/numeric-comp.bbx"
File: numeric-comp.bbx 2020/08/23 v3.15a biblatex bibliography style (PK/MW)
Package biblatex Info: Trying to load bibliography style 'numeric'...
Package biblatex Info: ... file 'numeric.bbx' found.

("/Users/pj/Library/Application Support/MiKTeX/texmfs/install/tex/latex/biblate
x/bbx/numeric.bbx"
File: numeric.bbx 2020/08/23 v3.15a biblatex bibliography style (PK/MW)
Package biblatex Info: Trying to load bibliography style 'standard'...
Package biblatex Info: ... file 'standard.bbx' found.

("/Users/pj/Library/Application Support/MiKTeX/texmfs/install/tex/latex/biblate
x/bbx/standard.bbx"
File: standard.bbx 2020/08/23 v3.15a biblatex bibliography style (PK/MW)
\c@bbx:relatedcount=\count398
\c@bbx:relatedtotal=\count399
))))
Package biblatex Info: Trying to load citation style 'ieee'...
Package biblatex Info: ... file 'ieee.cbx' found.

("/Users/pj/Library/Application Support/MiKTeX/texmfs/install/tex/latex/biblate
x-ieee/ieee.cbx"
File: ieee.cbx 2020/08/31 v1.3c biblatex citation style
Package biblatex Info: Trying to load citation style 'numeric-comp'...
Package biblatex Info: ... file 'numeric-comp.cbx' found.

("/Users/pj/Library/Application Support/MiKTeX/texmfs/install/tex/latex/biblate
x/cbx/numeric-comp.cbx"
File: numeric-comp.cbx 2020/08/23 v3.15a biblatex citation style (PK/MW)
\c@cbx@tempcnta=\count400
\c@cbx@tempcntb=\count401
\c@cbx@tempcntc=\count402
\c@cbx@tempcntd=\count403
Package biblatex Info: Redefining '\cite'.
Package biblatex Info: Redefining '\parencite'.
Package biblatex Info: Redefining '\footcite'.
Package biblatex Info: Redefining '\footcitetext'.
Package biblatex Info: Redefining '\smartcite'.
Package biblatex Info: Redefining '\supercite'.
Package biblatex Info: Redefining '\textcite'.
Package biblatex Info: Redefining '\textcites'.
Package biblatex Info: Redefining '\cites'.
Package biblatex Info: Redefining '\parencites'.
Package biblatex Info: Redefining '\smartcites'.
)
Package biblatex Info: Redefining '\cite'.
Package biblatex Info: Redefining '\cites'.
)
Package biblatex Info: Trying to load configuration file...
Package biblatex Info: ... file 'biblatex.cfg' found.

("/Users/pj/Library/Application Support/MiKTeX/texmfs/install/tex/latex/biblate
x/biblatex.cfg"
File: biblatex.cfg 
))
("/Users/pj/Library/Application Support/MiKTeX/texmfs/install/tex/latex/framed/
framed.sty"
Package: framed 2011/10/22 v 0.96: framed or shaded text with page breaks
\OuterFrameSep=\skip88
\fb@frw=\dimen176
\fb@frh=\dimen177
\FrameRule=\dimen178
\FrameSep=\dimen179
)
("/Users/pj/Library/Application Support/MiKTeX/texmfs/install/tex/latex/mdframe
d/mdframed.sty"
Package: mdframed 2013/07/01 1.9b: mdframed

("/Users/pj/Library/Application Support/MiKTeX/texmfs/install/tex/latex/zref/zr
ef-abspage.sty"
Package: zref-abspage 2020-07-03 v2.32 Module abspage for zref (HO)

("/Users/pj/Library/Application Support/MiKTeX/texmfs/install/tex/latex/zref/zr
ef-base.sty"
Package: zref-base 2020-07-03 v2.32 Module base for zref (HO)

("/Users/pj/Library/Application Support/MiKTeX/texmfs/install/tex/generic/kvdef
inekeys/kvdefinekeys.sty"
Package: kvdefinekeys 2019-12-19 v1.6 Define keys (HO)
)
("/Users/pj/Library/Application Support/MiKTeX/texmfs/install/tex/generic/etexc
mds/etexcmds.sty"
Package: etexcmds 2019/12/15 v1.7 Avoid name clashes with e-TeX commands (HO)
)
("/Users/pj/Library/Application Support/MiKTeX/texmfs/install/tex/latex/auxhook
/auxhook.sty"
Package: auxhook 2019-12-17 v1.6 Hooks for auxiliary files (HO)
)
Package zref Info: New property list: main on input line 764.
Package zref Info: New property: default on input line 765.
Package zref Info: New property: page on input line 766.
)
\c@abspage=\count404
Package zref Info: New property: abspage on input line 66.
)
("/Users/pj/Library/Application Support/MiKTeX/texmfs/install/tex/latex/needspa
ce/needspace.sty"
Package: needspace 2010/09/12 v1.3d reserve vertical space
)
\mdf@templength=\skip89
\c@mdf@globalstyle@cnt=\count405
\mdf@skipabove@length=\skip90
\mdf@skipbelow@length=\skip91
\mdf@leftmargin@length=\skip92
\mdf@rightmargin@length=\skip93
\mdf@innerleftmargin@length=\skip94
\mdf@innerrightmargin@length=\skip95
\mdf@innertopmargin@length=\skip96
\mdf@innerbottommargin@length=\skip97
\mdf@splittopskip@length=\skip98
\mdf@splitbottomskip@length=\skip99
\mdf@outermargin@length=\skip100
\mdf@innermargin@length=\skip101
\mdf@linewidth@length=\skip102
\mdf@innerlinewidth@length=\skip103
\mdf@middlelinewidth@length=\skip104
\mdf@outerlinewidth@length=\skip105
\mdf@roundcorner@length=\skip106
\mdf@footenotedistance@length=\skip107
\mdf@userdefinedwidth@length=\skip108
\mdf@needspace@length=\skip109
\mdf@frametitleaboveskip@length=\skip110
\mdf@frametitlebelowskip@length=\skip111
\mdf@frametitlerulewidth@length=\skip112
\mdf@frametitleleftmargin@length=\skip113
\mdf@frametitlerightmargin@length=\skip114
\mdf@shadowsize@length=\skip115
\mdf@extratopheight@length=\skip116
\mdf@subtitleabovelinewidth@length=\skip117
\mdf@subtitlebelowlinewidth@length=\skip118
\mdf@subtitleaboveskip@length=\skip119
\mdf@subtitlebelowskip@length=\skip120
\mdf@subtitleinneraboveskip@length=\skip121
\mdf@subtitleinnerbelowskip@length=\skip122
\mdf@subsubtitleabovelinewidth@length=\skip123
\mdf@subsubtitlebelowlinewidth@length=\skip124
\mdf@subsubtitleaboveskip@length=\skip125
\mdf@subsubtitlebelowskip@length=\skip126
\mdf@subsubtitleinneraboveskip@length=\skip127
\mdf@subsubtitleinnerbelowskip@length=\skip128

("/Users/pj/Library/Application Support/MiKTeX/texmfs/install/tex/latex/pgf/fro
ntendlayer/tikz.sty"
("/Users/pj/Library/Application Support/MiKTeX/texmfs/install/tex/latex/pgf/bas
iclayer/pgf.sty"
("/Users/pj/Library/Application Support/MiKTeX/texmfs/install/tex/latex/pgf/uti
lities/pgfrcs.sty"
("/Users/pj/Library/Application Support/MiKTeX/texmfs/install/tex/generic/pgf/u
tilities/pgfutil-common.tex"
\pgfutil@everybye=\toks25
\pgfutil@tempdima=\dimen180
\pgfutil@tempdimb=\dimen181

("/Users/pj/Library/Application Support/MiKTeX/texmfs/install/tex/generic/pgf/u
tilities/pgfutil-common-lists.tex"))
("/Users/pj/Library/Application Support/MiKTeX/texmfs/install/tex/generic/pgf/u
tilities/pgfutil-latex.def"
\pgfutil@abb=\box57
)
("/Users/pj/Library/Application Support/MiKTeX/texmfs/install/tex/generic/pgf/u
tilities/pgfrcs.code.tex"
("/Users/pj/Library/Application Support/MiKTeX/texmfs/install/tex/generic/pgf/p
gf.revision.tex")
Package: pgfrcs 2020/11/23 v3.1.7 (3.1.7)
))
Package: pgf 2020/11/23 v3.1.7 (3.1.7)

("/Users/pj/Library/Application Support/MiKTeX/texmfs/install/tex/latex/pgf/bas
iclayer/pgfcore.sty"
("/Users/pj/Library/Application Support/MiKTeX/texmfs/install/tex/latex/pgf/sys
temlayer/pgfsys.sty"
("/Users/pj/Library/Application Support/MiKTeX/texmfs/install/tex/generic/pgf/s
ystemlayer/pgfsys.code.tex"
Package: pgfsys 2020/11/23 v3.1.7 (3.1.7)

("/Users/pj/Library/Application Support/MiKTeX/texmfs/install/tex/generic/pgf/u
tilities/pgfkeys.code.tex"
\pgfkeys@pathtoks=\toks26
\pgfkeys@temptoks=\toks27

("/Users/pj/Library/Application Support/MiKTeX/texmfs/install/tex/generic/pgf/u
tilities/pgfkeysfiltered.code.tex"
\pgfkeys@tmptoks=\toks28
))
\pgf@x=\dimen182
\pgf@y=\dimen183
\pgf@xa=\dimen184
\pgf@ya=\dimen185
\pgf@xb=\dimen186
\pgf@yb=\dimen187
\pgf@xc=\dimen188
\pgf@yc=\dimen189
\pgf@xd=\dimen190
\pgf@yd=\dimen191
\w@pgf@writea=\write4
\r@pgf@reada=\read4
\c@pgf@counta=\count406
\c@pgf@countb=\count407
\c@pgf@countc=\count408
\c@pgf@countd=\count409
\t@pgf@toka=\toks29
\t@pgf@tokb=\toks30
\t@pgf@tokc=\toks31
\pgf@sys@id@count=\count410

("/Users/pj/Library/Application Support/MiKTeX/texmfs/install/tex/generic/pgf/s
ystemlayer/pgf.cfg"
File: pgf.cfg 2020/11/23 v3.1.7 (3.1.7)
)
Driver file for pgf: pgfsys-xetex.def

("/Users/pj/Library/Application Support/MiKTeX/texmfs/install/tex/generic/pgf/s
ystemlayer/pgfsys-xetex.def"
File: pgfsys-xetex.def 2020/11/23 v3.1.7 (3.1.7)

("/Users/pj/Library/Application Support/MiKTeX/texmfs/install/tex/generic/pgf/s
ystemlayer/pgfsys-dvipdfmx.def"
File: pgfsys-dvipdfmx.def 2020/11/23 v3.1.7 (3.1.7)

("/Users/pj/Library/Application Support/MiKTeX/texmfs/install/tex/generic/pgf/s
ystemlayer/pgfsys-common-pdf.def"
File: pgfsys-common-pdf.def 2020/11/23 v3.1.7 (3.1.7)
)
\pgfsys@objnum=\count411
)))
("/Users/pj/Library/Application Support/MiKTeX/texmfs/install/tex/generic/pgf/s
ystemlayer/pgfsyssoftpath.code.tex"
File: pgfsyssoftpath.code.tex 2020/11/23 v3.1.7 (3.1.7)
\pgfsyssoftpath@smallbuffer@items=\count412
\pgfsyssoftpath@bigbuffer@items=\count413
)
("/Users/pj/Library/Application Support/MiKTeX/texmfs/install/tex/generic/pgf/s
ystemlayer/pgfsysprotocol.code.tex"
File: pgfsysprotocol.code.tex 2020/11/23 v3.1.7 (3.1.7)
))
("/Users/pj/Library/Application Support/MiKTeX/texmfs/install/tex/generic/pgf/b
asiclayer/pgfcore.code.tex"
Package: pgfcore 2020/11/23 v3.1.7 (3.1.7)

("/Users/pj/Library/Application Support/MiKTeX/texmfs/install/tex/generic/pgf/m
ath/pgfmath.code.tex"
("/Users/pj/Library/Application Support/MiKTeX/texmfs/install/tex/generic/pgf/m
ath/pgfmathcalc.code.tex"
("/Users/pj/Library/Application Support/MiKTeX/texmfs/install/tex/generic/pgf/m
ath/pgfmathutil.code.tex")
("/Users/pj/Library/Application Support/MiKTeX/texmfs/install/tex/generic/pgf/m
ath/pgfmathparser.code.tex"
\pgfmath@dimen=\dimen192
\pgfmath@count=\count414
\pgfmath@box=\box58
\pgfmath@toks=\toks32
\pgfmath@stack@operand=\toks33
\pgfmath@stack@operation=\toks34
)
("/Users/pj/Library/Application Support/MiKTeX/texmfs/install/tex/generic/pgf/m
ath/pgfmathfunctions.code.tex"
("/Users/pj/Library/Application Support/MiKTeX/texmfs/install/tex/generic/pgf/m
ath/pgfmathfunctions.basic.code.tex")
("/Users/pj/Library/Application Support/MiKTeX/texmfs/install/tex/generic/pgf/m
ath/pgfmathfunctions.trigonometric.code.tex")
("/Users/pj/Library/Application Support/MiKTeX/texmfs/install/tex/generic/pgf/m
ath/pgfmathfunctions.random.code.tex")
("/Users/pj/Library/Application Support/MiKTeX/texmfs/install/tex/generic/pgf/m
ath/pgfmathfunctions.comparison.code.tex")
("/Users/pj/Library/Application Support/MiKTeX/texmfs/install/tex/generic/pgf/m
ath/pgfmathfunctions.base.code.tex")
("/Users/pj/Library/Application Support/MiKTeX/texmfs/install/tex/generic/pgf/m
ath/pgfmathfunctions.round.code.tex")
("/Users/pj/Library/Application Support/MiKTeX/texmfs/install/tex/generic/pgf/m
ath/pgfmathfunctions.misc.code.tex")
("/Users/pj/Library/Application Support/MiKTeX/texmfs/install/tex/generic/pgf/m
ath/pgfmathfunctions.integerarithmetics.code.tex")))
("/Users/pj/Library/Application Support/MiKTeX/texmfs/install/tex/generic/pgf/m
ath/pgfmathfloat.code.tex"
\c@pgfmathroundto@lastzeros=\count415
))
("/Users/pj/Library/Application Support/MiKTeX/texmfs/install/tex/generic/pgf/m
ath/pgfint.code.tex")
("/Users/pj/Library/Application Support/MiKTeX/texmfs/install/tex/generic/pgf/b
asiclayer/pgfcorepoints.code.tex"
File: pgfcorepoints.code.tex 2020/11/23 v3.1.7 (3.1.7)
\pgf@picminx=\dimen193
\pgf@picmaxx=\dimen194
\pgf@picminy=\dimen195
\pgf@picmaxy=\dimen196
\pgf@pathminx=\dimen197
\pgf@pathmaxx=\dimen198
\pgf@pathminy=\dimen199
\pgf@pathmaxy=\dimen256
\pgf@xx=\dimen257
\pgf@xy=\dimen258
\pgf@yx=\dimen259
\pgf@yy=\dimen260
\pgf@zx=\dimen261
\pgf@zy=\dimen262
)
("/Users/pj/Library/Application Support/MiKTeX/texmfs/install/tex/generic/pgf/b
asiclayer/pgfcorepathconstruct.code.tex"
File: pgfcorepathconstruct.code.tex 2020/11/23 v3.1.7 (3.1.7)
\pgf@path@lastx=\dimen263
\pgf@path@lasty=\dimen264
)
("/Users/pj/Library/Application Support/MiKTeX/texmfs/install/tex/generic/pgf/b
asiclayer/pgfcorepathusage.code.tex"
File: pgfcorepathusage.code.tex 2020/11/23 v3.1.7 (3.1.7)
\pgf@shorten@end@additional=\dimen265
\pgf@shorten@start@additional=\dimen266
)
("/Users/pj/Library/Application Support/MiKTeX/texmfs/install/tex/generic/pgf/b
asiclayer/pgfcorescopes.code.tex"
File: pgfcorescopes.code.tex 2020/11/23 v3.1.7 (3.1.7)
\pgfpic=\box59
\pgf@hbox=\box60
\pgf@layerbox@main=\box61
\pgf@picture@serial@count=\count416
)
("/Users/pj/Library/Application Support/MiKTeX/texmfs/install/tex/generic/pgf/b
asiclayer/pgfcoregraphicstate.code.tex"
File: pgfcoregraphicstate.code.tex 2020/11/23 v3.1.7 (3.1.7)
\pgflinewidth=\dimen267
)
("/Users/pj/Library/Application Support/MiKTeX/texmfs/install/tex/generic/pgf/b
asiclayer/pgfcoretransformations.code.tex"
File: pgfcoretransformations.code.tex 2020/11/23 v3.1.7 (3.1.7)
\pgf@pt@x=\dimen268
\pgf@pt@y=\dimen269
\pgf@pt@temp=\dimen270
)
("/Users/pj/Library/Application Support/MiKTeX/texmfs/install/tex/generic/pgf/b
asiclayer/pgfcorequick.code.tex"
File: pgfcorequick.code.tex 2020/11/23 v3.1.7 (3.1.7)
)
("/Users/pj/Library/Application Support/MiKTeX/texmfs/install/tex/generic/pgf/b
asiclayer/pgfcoreobjects.code.tex"
File: pgfcoreobjects.code.tex 2020/11/23 v3.1.7 (3.1.7)
)
("/Users/pj/Library/Application Support/MiKTeX/texmfs/install/tex/generic/pgf/b
asiclayer/pgfcorepathprocessing.code.tex"
File: pgfcorepathprocessing.code.tex 2020/11/23 v3.1.7 (3.1.7)
)
("/Users/pj/Library/Application Support/MiKTeX/texmfs/install/tex/generic/pgf/b
asiclayer/pgfcorearrows.code.tex"
File: pgfcorearrows.code.tex 2020/11/23 v3.1.7 (3.1.7)
\pgfarrowsep=\dimen271
)
("/Users/pj/Library/Application Support/MiKTeX/texmfs/install/tex/generic/pgf/b
asiclayer/pgfcoreshade.code.tex"
File: pgfcoreshade.code.tex 2020/11/23 v3.1.7 (3.1.7)
\pgf@max=\dimen272
\pgf@sys@shading@range@num=\count417
\pgf@shadingcount=\count418
)
("/Users/pj/Library/Application Support/MiKTeX/texmfs/install/tex/generic/pgf/b
asiclayer/pgfcoreimage.code.tex"
File: pgfcoreimage.code.tex 2020/11/23 v3.1.7 (3.1.7)

("/Users/pj/Library/Application Support/MiKTeX/texmfs/install/tex/generic/pgf/b
asiclayer/pgfcoreexternal.code.tex"
File: pgfcoreexternal.code.tex 2020/11/23 v3.1.7 (3.1.7)
\pgfexternal@startupbox=\box62
))
("/Users/pj/Library/Application Support/MiKTeX/texmfs/install/tex/generic/pgf/b
asiclayer/pgfcorelayers.code.tex"
File: pgfcorelayers.code.tex 2020/11/23 v3.1.7 (3.1.7)
)
("/Users/pj/Library/Application Support/MiKTeX/texmfs/install/tex/generic/pgf/b
asiclayer/pgfcoretransparency.code.tex"
File: pgfcoretransparency.code.tex 2020/11/23 v3.1.7 (3.1.7)
)
("/Users/pj/Library/Application Support/MiKTeX/texmfs/install/tex/generic/pgf/b
asiclayer/pgfcorepatterns.code.tex"
File: pgfcorepatterns.code.tex 2020/11/23 v3.1.7 (3.1.7)
)
("/Users/pj/Library/Application Support/MiKTeX/texmfs/install/tex/generic/pgf/b
asiclayer/pgfcorerdf.code.tex"
File: pgfcorerdf.code.tex 2020/11/23 v3.1.7 (3.1.7)
)))
("/Users/pj/Library/Application Support/MiKTeX/texmfs/install/tex/generic/pgf/m
odules/pgfmoduleshapes.code.tex"
File: pgfmoduleshapes.code.tex 2020/11/23 v3.1.7 (3.1.7)
\pgfnodeparttextbox=\box63
)
("/Users/pj/Library/Application Support/MiKTeX/texmfs/install/tex/generic/pgf/m
odules/pgfmoduleplot.code.tex"
File: pgfmoduleplot.code.tex 2020/11/23 v3.1.7 (3.1.7)
)
("/Users/pj/Library/Application Support/MiKTeX/texmfs/install/tex/latex/pgf/com
patibility/pgfcomp-version-0-65.sty"
Package: pgfcomp-version-0-65 2020/11/23 v3.1.7 (3.1.7)
\pgf@nodesepstart=\dimen273
\pgf@nodesepend=\dimen274
)
("/Users/pj/Library/Application Support/MiKTeX/texmfs/install/tex/latex/pgf/com
patibility/pgfcomp-version-1-18.sty"
Package: pgfcomp-version-1-18 2020/11/23 v3.1.7 (3.1.7)
))
("/Users/pj/Library/Application Support/MiKTeX/texmfs/install/tex/latex/pgf/uti
lities/pgffor.sty"
("/Users/pj/Library/Application Support/MiKTeX/texmfs/install/tex/latex/pgf/uti
lities/pgfkeys.sty"
("/Users/pj/Library/Application Support/MiKTeX/texmfs/install/tex/generic/pgf/u
tilities/pgfkeys.code.tex"))
("/Users/pj/Library/Application Support/MiKTeX/texmfs/install/tex/latex/pgf/mat
h/pgfmath.sty"
("/Users/pj/Library/Application Support/MiKTeX/texmfs/install/tex/generic/pgf/m
ath/pgfmath.code.tex"))
("/Users/pj/Library/Application Support/MiKTeX/texmfs/install/tex/generic/pgf/u
tilities/pgffor.code.tex"
Package: pgffor 2020/11/23 v3.1.7 (3.1.7)

("/Users/pj/Library/Application Support/MiKTeX/texmfs/install/tex/generic/pgf/m
ath/pgfmath.code.tex")
\pgffor@iter=\dimen275
\pgffor@skip=\dimen276
\pgffor@stack=\toks35
\pgffor@toks=\toks36
))
("/Users/pj/Library/Application Support/MiKTeX/texmfs/install/tex/generic/pgf/f
rontendlayer/tikz/tikz.code.tex"
Package: tikz 2020/11/23 v3.1.7 (3.1.7)

("/Users/pj/Library/Application Support/MiKTeX/texmfs/install/tex/generic/pgf/l
ibraries/pgflibraryplothandlers.code.tex"
File: pgflibraryplothandlers.code.tex 2020/11/23 v3.1.7 (3.1.7)
\pgf@plot@mark@count=\count419
\pgfplotmarksize=\dimen277
)
\tikz@lastx=\dimen278
\tikz@lasty=\dimen279
\tikz@lastxsaved=\dimen280
\tikz@lastysaved=\dimen281
\tikz@lastmovetox=\dimen282
\tikz@lastmovetoy=\dimen283
\tikzleveldistance=\dimen284
\tikzsiblingdistance=\dimen285
\tikz@figbox=\box64
\tikz@figbox@bg=\box65
\tikz@tempbox=\box66
\tikz@tempbox@bg=\box67
\tikztreelevel=\count420
\tikznumberofchildren=\count421
\tikznumberofcurrentchild=\count422
\tikz@fig@count=\count423

("/Users/pj/Library/Application Support/MiKTeX/texmfs/install/tex/generic/pgf/m
odules/pgfmodulematrix.code.tex"
File: pgfmodulematrix.code.tex 2020/11/23 v3.1.7 (3.1.7)
\pgfmatrixcurrentrow=\count424
\pgfmatrixcurrentcolumn=\count425
\pgf@matrix@numberofcolumns=\count426
)
\tikz@expandcount=\count427

("/Users/pj/Library/Application Support/MiKTeX/texmfs/install/tex/generic/pgf/f
rontendlayer/tikz/libraries/tikzlibrarytopaths.code.tex"
File: tikzlibrarytopaths.code.tex 2020/11/23 v3.1.7 (3.1.7)
)))
("/Users/pj/Library/Application Support/MiKTeX/texmfs/install/tex/latex/mdframe
d/md-frame-1.mdf"
File: md-frame-1.mdf 2013/07/01\ 1.9b: md-frame-1
)
\mdf@frametitlebox=\box68
\mdf@footnotebox=\box69
\mdf@splitbox@one=\box70
\mdf@splitbox@two=\box71
\mdf@splitbox@save=\box72
\mdfsplitboxwidth=\skip129
\mdfsplitboxtotalwidth=\skip130
\mdfsplitboxheight=\skip131
\mdfsplitboxdepth=\skip132
\mdfsplitboxtotalheight=\skip133
\mdfframetitleboxwidth=\skip134
\mdfframetitleboxtotalwidth=\skip135
\mdfframetitleboxheight=\skip136
\mdfframetitleboxdepth=\skip137
\mdfframetitleboxtotalheight=\skip138
\mdffootnoteboxwidth=\skip139
\mdffootnoteboxtotalwidth=\skip140
\mdffootnoteboxheight=\skip141
\mdffootnoteboxdepth=\skip142
\mdffootnoteboxtotalheight=\skip143
\mdftotallinewidth=\skip144
\mdfboundingboxwidth=\skip145
\mdfboundingboxtotalwidth=\skip146
\mdfboundingboxheight=\skip147
\mdfboundingboxdepth=\skip148
\mdfboundingboxtotalheight=\skip149
\mdf@freevspace@length=\skip150
\mdf@horizontalwidthofbox@length=\skip151
\mdf@verticalmarginwhole@length=\skip152
\mdf@horizontalspaceofbox=\skip153
\mdfsubtitleheight=\skip154
\mdfsubsubtitleheight=\skip155
\c@mdfcountframes=\count428

****** mdframed patching \endmdf@trivlist

****** -- success******

\mdf@envdepth=\count429
\c@mdf@env@i=\count430
\c@mdf@env@ii=\count431
\c@mdf@zref@counter=\count432
Package zref Info: New property: mdf@pagevalue on input line 895.
)
("/Users/pj/Library/Application Support/MiKTeX/texmfs/install/tex/latex/listing
s/listings.sty"
\lst@mode=\count433
\lst@gtempboxa=\box73
\lst@token=\toks37
\lst@length=\count434
\lst@currlwidth=\dimen286
\lst@column=\count435
\lst@pos=\count436
\lst@lostspace=\dimen287
\lst@width=\dimen288
\lst@newlines=\count437
\lst@lineno=\count438
\lst@maxwidth=\dimen289

("/Users/pj/Library/Application Support/MiKTeX/texmfs/install/tex/latex/listing
s/lstmisc.sty"
File: lstmisc.sty 2020/03/24 1.8d (Carsten Heinz)
\c@lstnumber=\count439
\lst@skipnumbers=\count440
\lst@framebox=\box74
)
("/Users/pj/Library/Application Support/MiKTeX/texmfs/install/tex/latex/listing
s/listings.cfg"
File: listings.cfg 2020/03/24 1.8d listings configuration
))
Package: listings 2020/03/24 1.8d (Carsten Heinz)

("/Users/pj/Library/Application Support/MiKTeX/texmfs/install/tex/latex/tabto-l
tx/tabto.sty"
Package: tabto 2018/12/28  v 1.4  Another tabbing mechanism
\CurrentLineWidth=\dimen290
\TabPrevPos=\dimen291
)
("/Users/pj/Library/Application Support/MiKTeX/texmfs/install/tex/latex/koma-sc
ript/scrextend.sty"
Package: scrextend 2020/09/21 v3.32 KOMA-Script package (extend other classes w
ith features of KOMA-Script classes)

("/Users/pj/Library/Application Support/MiKTeX/texmfs/install/tex/latex/koma-sc
ript/scrkbase.sty"
Package: scrkbase 2020/09/21 v3.32 KOMA-Script package (KOMA-Script-dependent b
asics and keyval usage)

("/Users/pj/Library/Application Support/MiKTeX/texmfs/install/tex/latex/koma-sc
ript/scrbase.sty"
Package: scrbase 2020/09/21 v3.32 KOMA-Script package (KOMA-Script-independent 
basics and keyval usage)

("/Users/pj/Library/Application Support/MiKTeX/texmfs/install/tex/latex/koma-sc
ript/scrlfile.sty"
Package: scrlfile 2020/09/21 v3.32 KOMA-Script package (file load hooks)

("/Users/pj/Library/Application Support/MiKTeX/texmfs/install/tex/latex/koma-sc
ript/scrlfile-hook.sty"
Package: scrlfile-hook 2020/09/21 v3.32 KOMA-Script package (using LaTeX hooks)


("/Users/pj/Library/Application Support/MiKTeX/texmfs/install/tex/latex/koma-sc
ript/scrlogo.sty"
Package: scrlogo 2020/09/21 v3.32 KOMA-Script package (logo)
)))))
Package scrextend Info: unexpected definition of `\@makefnmark'.
(scrextend)             Trying to patch it on input line 1592.
Package scrextend Info: patch seems to be successfull on input line 1592.
)
("/Users/pj/Library/Application Support/MiKTeX/texmfs/install/tex/latex/hyperre
f/hyperref.sty"
Package: hyperref 2020-05-15 v7.00e Hypertext links for LaTeX

("/Users/pj/Library/Application Support/MiKTeX/texmfs/install/tex/generic/pdfes
cape/pdfescape.sty"
Package: pdfescape 2019/12/09 v1.15 Implements pdfTeX's escape features (HO)
)
("/Users/pj/Library/Application Support/MiKTeX/texmfs/install/tex/latex/hycolor
/hycolor.sty"
Package: hycolor 2020-01-27 v1.10 Color options for hyperref/bookmark (HO)
)
("/Users/pj/Library/Application Support/MiKTeX/texmfs/install/tex/latex/letltxm
acro/letltxmacro.sty"
Package: letltxmacro 2019/12/03 v1.6 Let assignment for LaTeX macros (HO)
)
\@linkdim=\dimen292
\Hy@linkcounter=\count441
\Hy@pagecounter=\count442

("/Users/pj/Library/Application Support/MiKTeX/texmfs/install/tex/latex/hyperre
f/pd1enc.def"
File: pd1enc.def 2020-05-15 v7.00e Hyperref: PDFDocEncoding definition (HO)
)
("/Users/pj/Library/Application Support/MiKTeX/texmfs/install/tex/generic/intca
lc/intcalc.sty"
Package: intcalc 2019/12/15 v1.3 Expandable calculations with integers (HO)
)
\Hy@SavedSpaceFactor=\count443
Package hyperref Info: Hyper figures OFF on input line 4464.
Package hyperref Info: Link nesting OFF on input line 4469.
Package hyperref Info: Hyper index ON on input line 4472.
Package hyperref Info: Plain pages OFF on input line 4479.
Package hyperref Info: Backreferencing OFF on input line 4484.
Package hyperref Info: Implicit mode ON; LaTeX internals redefined.
Package hyperref Info: Bookmarks ON on input line 4717.
\c@Hy@tempcnt=\count444
LaTeX Info: Redefining \url on input line 5076.
\XeTeXLinkMargin=\dimen293

("/Users/pj/Library/Application Support/MiKTeX/texmfs/install/tex/generic/bitse
t/bitset.sty"
Package: bitset 2019/12/09 v1.3 Handle bit-vector datatype (HO)

("/Users/pj/Library/Application Support/MiKTeX/texmfs/install/tex/generic/bigin
tcalc/bigintcalc.sty"
Package: bigintcalc 2019/12/15 v1.5 Expandable calculations on big integers (HO
)
))
\Fld@menulength=\count445
\Field@Width=\dimen294
\Fld@charsize=\dimen295
Package hyperref Info: Hyper figures OFF on input line 6347.
Package hyperref Info: Link nesting OFF on input line 6352.
Package hyperref Info: Hyper index ON on input line 6355.
Package hyperref Info: backreferencing OFF on input line 6362.
Package hyperref Info: Link coloring OFF on input line 6367.
Package hyperref Info: Link coloring with OCG OFF on input line 6372.
Package hyperref Info: PDF/A mode OFF on input line 6377.
LaTeX Info: Redefining \ref on input line 6417.
LaTeX Info: Redefining \pageref on input line 6421.
\Hy@abspage=\count446
\c@Item=\count447
\c@Hfootnote=\count448
)
Package hyperref Info: Driver (autodetected): hxetex.

("/Users/pj/Library/Application Support/MiKTeX/texmfs/install/tex/latex/hyperre
f/hxetex.def"
File: hxetex.def 2020-05-15 v7.00e Hyperref driver for XeTeX

("/Users/pj/Library/Application Support/MiKTeX/texmfs/install/tex/latex/hyperre
f/puenc.def"
File: puenc.def 2020-05-15 v7.00e Hyperref: PDF Unicode definition (HO)
)
("/Users/pj/Library/Application Support/MiKTeX/texmfs/install/tex/generic/strin
genc/stringenc.sty"
Package: stringenc 2019/11/29 v1.12 Convert strings between diff. encodings (HO
)
)
\pdfm@box=\box75
\c@Hy@AnnotLevel=\count449
\HyField@AnnotCount=\count450
\Fld@listcount=\count451
\c@bookmark@seq@number=\count452

("/Users/pj/Library/Application Support/MiKTeX/texmfs/install/tex/latex/rerunfi
lecheck/rerunfilecheck.sty"
Package: rerunfilecheck 2019/12/05 v1.9 Rerun checks for auxiliary files (HO)

("/Users/pj/Library/Application Support/MiKTeX/texmfs/install/tex/latex/base/at
veryend-ltx.sty"
Package: atveryend-ltx 2020/08/19 v1.0a Emulation of the original atvery packag
e
with kernel methods
)
("/Users/pj/Library/Application Support/MiKTeX/texmfs/install/tex/generic/uniqu
ecounter/uniquecounter.sty"
Package: uniquecounter 2019/12/15 v1.4 Provide unlimited unique counter (HO)
)
Package uniquecounter Info: New unique counter `rerunfilecheck' on input line 2
86.
)
\Hy@SectionHShift=\skip156
)
("/Users/pj/Library/Application Support/MiKTeX/texmfs/install/tex/latex/enumite
m/enumitem.sty"
Package: enumitem 2019/06/20 v3.9 Customized lists
\labelindent=\skip157
\enit@outerparindent=\dimen296
\enit@toks=\toks38
\enit@inbox=\box76
\enit@count@id=\count453
\enitdp@description=\count454
)
("/Users/pj/Library/Application Support/MiKTeX/texmfs/install/tex/latex/booktab
s/booktabs.sty"
Package: booktabs 2020/01/12 v1.61803398 Publication quality tables
\heavyrulewidth=\dimen297
\lightrulewidth=\dimen298
\cmidrulewidth=\dimen299
\belowrulesep=\dimen300
\belowbottomsep=\dimen301
\aboverulesep=\dimen302
\abovetopsep=\dimen303
\cmidrulesep=\dimen304
\cmidrulekern=\dimen305
\defaultaddspace=\dimen306
\@cmidla=\count455
\@cmidlb=\count456
\@aboverulesep=\dimen307
\@belowrulesep=\dimen308
\@thisruleclass=\count457
\@lastruleclass=\count458
\@thisrulewidth=\dimen309
)
("/Users/pj/Library/Application Support/MiKTeX/texmfs/install/tex/latex/tools/t
abularx.sty"
Package: tabularx 2020/01/15 v2.11c `tabularx' package (DPC)
\TX@col@width=\dimen310
\TX@old@table=\dimen311
\TX@old@col=\dimen312
\TX@target=\dimen313
\TX@delta=\dimen314
\TX@cols=\count459
\TX@ftn=\toks39
)
Package hyperref Info: Option `colorlinks' set `true' on input line 54.


Package hyperref Warning: Option `hyperfootnotes' has already been used,
(hyperref)                setting the option has no effect on input line 54.

(coverPageSettings.tex
\mybox=\box77
\mydepth=\skip158
\myheight=\skip159
)

Package biblatex Warning: 'babel/polyglossia' detected but 'csquotes' missing.
(biblatex)                Loading 'csquotes' recommended.

\@quotelevel=\count460
\@quotereset=\count461
(main.aux)
\openout1 = `main.aux'.

LaTeX Font Info:    Checking defaults for OML/cmm/m/it on input line 64.
LaTeX Font Info:    ... okay on input line 64.
LaTeX Font Info:    Checking defaults for OMS/cmsy/m/n on input line 64.
LaTeX Font Info:    ... okay on input line 64.
LaTeX Font Info:    Checking defaults for OT1/cmr/m/n on input line 64.
LaTeX Font Info:    ... okay on input line 64.
LaTeX Font Info:    Checking defaults for T1/cmr/m/n on input line 64.
LaTeX Font Info:    ... okay on input line 64.
LaTeX Font Info:    Checking defaults for TS1/cmr/m/n on input line 64.
LaTeX Font Info:    Trying to load font information for TS1+cmr on input line 6
4.

("/Users/pj/Library/Application Support/MiKTeX/texmfs/install/tex/latex/base/ts
1cmr.fd"
File: ts1cmr.fd 2019/12/16 v2.5j Standard LaTeX font definitions
)
LaTeX Font Info:    ... okay on input line 64.
LaTeX Font Info:    Checking defaults for TU/lmr/m/n on input line 64.
LaTeX Font Info:    ... okay on input line 64.
LaTeX Font Info:    Checking defaults for OMX/cmex/m/n on input line 64.
LaTeX Font Info:    ... okay on input line 64.
LaTeX Font Info:    Checking defaults for U/cmr/m/n on input line 64.
LaTeX Font Info:    ... okay on input line 64.
LaTeX Font Info:    Checking defaults for PD1/pdf/m/n on input line 64.
LaTeX Font Info:    ... okay on input line 64.
LaTeX Font Info:    Checking defaults for PU/pdf/m/n on input line 64.
LaTeX Font Info:    ... okay on input line 64.

*geometry* detected driver: pdftex
*geometry* verbose mode - [ preamble ] result:
* driver: pdftex
* paper: a4paper
* layout: <same size as paper>
* layoutoffset:(h,v)=(0.0pt,0.0pt)
* modes: 
* h-part:(L,W,R)=(85.35826pt, 426.79135pt, 85.35826pt)
* v-part:(T,H,B)=(56.9055pt, 717.00946pt, 71.13188pt)
* \paperwidth=597.50787pt
* \paperheight=845.04684pt
* \textwidth=426.79135pt
* \textheight=717.00946pt
* \oddsidemargin=13.08827pt
* \evensidemargin=13.08827pt
* \topmargin=-45.43198pt
* \headheight=12.0pt
* \headsep=18.06749pt
* \topskip=10.0pt
* \footskip=25.29494pt
* \marginparwidth=61.0pt
* \marginparsep=7.0pt
* \columnsep=10.0pt
* \skip\footins=9.0pt plus 4.0pt minus 2.0pt
* \hoffset=0.0pt
* \voffset=0.0pt
* \mag=1000
* \@twocolumnfalse
* \@twosidefalse
* \@mparswitchfalse
* \@reversemarginfalse
* (1in=72.27pt=25.4mm, 1cm=28.453pt)


Package fontspec Info: Adjusting the maths setup (use [no-math] to avoid
(fontspec)             this).

\symlegacymaths=\mathgroup4
LaTeX Font Info:    Overwriting symbol font `legacymaths' in version `bold'
(Font)                  OT1/cmr/m/n --> OT1/cmr/bx/n on input line 64.
LaTeX Font Info:    Redeclaring math accent \acute on input line 64.
LaTeX Font Info:    Redeclaring math accent \grave on input line 64.
LaTeX Font Info:    Redeclaring math accent \ddot on input line 64.
LaTeX Font Info:    Redeclaring math accent \tilde on input line 64.
LaTeX Font Info:    Redeclaring math accent \bar on input line 64.
LaTeX Font Info:    Redeclaring math accent \breve on input line 64.
LaTeX Font Info:    Redeclaring math accent \check on input line 64.
LaTeX Font Info:    Redeclaring math accent \hat on input line 64.
LaTeX Font Info:    Redeclaring math accent \dot on input line 64.
LaTeX Font Info:    Redeclaring math accent \mathring on input line 64.
LaTeX Font Info:    Redeclaring math symbol \colon on input line 64.
LaTeX Font Info:    Redeclaring math symbol \Gamma on input line 64.
LaTeX Font Info:    Redeclaring math symbol \Delta on input line 64.
LaTeX Font Info:    Redeclaring math symbol \Theta on input line 64.
LaTeX Font Info:    Redeclaring math symbol \Lambda on input line 64.
LaTeX Font Info:    Redeclaring math symbol \Xi on input line 64.
LaTeX Font Info:    Redeclaring math symbol \Pi on input line 64.
LaTeX Font Info:    Redeclaring math symbol \Sigma on input line 64.
LaTeX Font Info:    Redeclaring math symbol \Upsilon on input line 64.
LaTeX Font Info:    Redeclaring math symbol \Phi on input line 64.
LaTeX Font Info:    Redeclaring math symbol \Psi on input line 64.
LaTeX Font Info:    Redeclaring math symbol \Omega on input line 64.
LaTeX Font Info:    Redeclaring math symbol \mathdollar on input line 64.
LaTeX Font Info:    Redeclaring symbol font `operators' on input line 64.
LaTeX Font Info:    Encoding `OT1' has changed to `TU' for symbol font
(Font)              `operators' in the math version `normal' on input line 64.
LaTeX Font Info:    Overwriting symbol font `operators' in version `normal'
(Font)                  OT1/cmr/m/n --> TU/lmr/m/n on input line 64.
LaTeX Font Info:    Encoding `OT1' has changed to `TU' for symbol font
(Font)              `operators' in the math version `bold' on input line 64.
LaTeX Font Info:    Overwriting symbol font `operators' in version `bold'
(Font)                  OT1/cmr/bx/n --> TU/lmr/m/n on input line 64.
LaTeX Font Info:    Overwriting symbol font `operators' in version `normal'
(Font)                  TU/lmr/m/n --> TU/lmr/m/n on input line 64.
LaTeX Font Info:    Overwriting math alphabet `\mathit' in version `normal'
(Font)                  OT1/cmr/m/it --> TU/lmr/m/it on input line 64.
LaTeX Font Info:    Overwriting math alphabet `\mathbf' in version `normal'
(Font)                  OT1/cmr/bx/n --> TU/lmr/b/n on input line 64.
LaTeX Font Info:    Overwriting math alphabet `\mathsf' in version `normal'
(Font)                  OT1/cmss/m/n --> TU/lmss/m/n on input line 64.
LaTeX Font Info:    Overwriting math alphabet `\mathtt' in version `normal'
(Font)                  OT1/cmtt/m/n --> TU/lmtt/m/n on input line 64.
LaTeX Font Info:    Overwriting symbol font `operators' in version `bold'
(Font)                  TU/lmr/m/n --> TU/lmr/b/n on input line 64.
LaTeX Font Info:    Overwriting math alphabet `\mathit' in version `bold'
(Font)                  OT1/cmr/bx/it --> TU/lmr/b/it on input line 64.
LaTeX Font Info:    Overwriting math alphabet `\mathsf' in version `bold'
(Font)                  OT1/cmss/bx/n --> TU/lmss/b/n on input line 64.
LaTeX Font Info:    Overwriting math alphabet `\mathtt' in version `bold'
(Font)                  OT1/cmtt/m/n --> TU/lmtt/b/n on input line 64.
Package caption Info: Begin \AtBeginDocument code.
Package caption Info: hyperref package is loaded.
Package caption Info: listings package is loaded.
Package caption Info: wrapfig package is loaded.
Package caption Info: End \AtBeginDocument code.
Package biblatex Info: Trying to load language 'english'...
Package biblatex Info: ... file 'english.lbx' found.

("/Users/pj/Library/Application Support/MiKTeX/texmfs/install/tex/latex/biblate
x/lbx/english.lbx"
File: english.lbx 2020/08/23 v3.15a biblatex localization (PK/MW)
)
Package biblatex Info: XeTeX detected.
(biblatex)             Assuming input encoding 'utf8'.
Package biblatex Info: Automatic encoding selection.
(biblatex)             Assuming data encoding 'utf8'.
\openout3 = `main.bcf'.

Package biblatex Info: Trying to load bibliographic data...
Package biblatex Info: ... file 'main.bbl' found.
 (main.bbl

Package biblatex Warning: The following entry could not be found
(biblatex)                in the database:
(biblatex)                2018. https://cgi.csc.liv.ac.uk/~nberth/scgs/.
(biblatex)                Please verify the spelling and rerun
(biblatex)                LaTeX afterwards.


Package biblatex Warning: The following entry could not be found
(biblatex)                in the database:
(biblatex)                Linnuniversitetet
(biblatex)                Please verify the spelling and rerun
(biblatex)                LaTeX afterwards.


Package biblatex Warning: The following entry could not be found
(biblatex)                in the database:
(biblatex)                N. Berthire and N. Khakpour
(biblatex)                Please verify the spelling and rerun
(biblatex)                LaTeX afterwards.


Package biblatex Warning: The following entry could not be found
(biblatex)                in the database:
(biblatex)                University of Liverpool and Department of Computer Sc
ience and Media Technology
(biblatex)                Please verify the spelling and rerun
(biblatex)                LaTeX afterwards.


Package biblatex Warning: The following entry could not be found
(biblatex)                in the database:
(biblatex)                Symbolic Confidentiality Guards Synthesizer  (SCGS)

(biblatex)                Please verify the spelling and rerun
(biblatex)                LaTeX afterwards.


Package biblatex Warning: The following entry could not be found
(biblatex)                in the database:
(biblatex)                 Department of Computer Science
(biblatex)                Please verify the spelling and rerun
(biblatex)                LaTeX afterwards.

)
Package biblatex Info: Reference section=0 on input line 64.
Package biblatex Info: Reference segment=0 on input line 64.
\c@lstlisting=\count462
Package hyperref Info: Link coloring ON on input line 64.

("/Users/pj/Library/Application Support/MiKTeX/texmfs/install/tex/latex/hyperre
f/nameref.sty"
Package: nameref 2019/09/16 v2.46 Cross-referencing by name of section

("/Users/pj/Library/Application Support/MiKTeX/texmfs/install/tex/latex/refcoun
t/refcount.sty"
Package: refcount 2019/12/15 v3.6 Data extraction from label references (HO)
)
("/Users/pj/Library/Application Support/MiKTeX/texmfs/install/tex/generic/getti
tlestring/gettitlestring.sty"
Package: gettitlestring 2019/12/15 v1.6 Cleanup title references (HO)
)
\c@section@level=\count463
)
LaTeX Info: Redefining \ref on input line 64.
LaTeX Info: Redefining \pageref on input line 64.
LaTeX Info: Redefining \nameref on input line 64.
 (main.out) (main.out)
\@outlinefile=\write5
\openout5 = `main.out'.

*geometry* verbose mode - [ newgeometry ] result:
* driver: pdftex
* paper: a4paper
* layout: <same size as paper>
* layoutoffset:(h,v)=(0.0pt,0.0pt)
* modes: 
* h-part:(L,W,R)=(142.26378pt, 365.617pt, 89.62709pt)
* v-part:(T,H,B)=(101.40665pt, 591.5302pt, 152.11pt)
* \paperwidth=597.50787pt
* \paperheight=845.04684pt
* \textwidth=365.617pt
* \textheight=591.5302pt
* \oddsidemargin=69.99379pt
* \evensidemargin=69.99379pt
* \topmargin=-0.93083pt
* \headheight=12.0pt
* \headsep=18.06749pt
* \topskip=10.0pt
* \footskip=25.29494pt
* \marginparwidth=61.0pt
* \marginparsep=7.0pt
* \columnsep=10.0pt
* \skip\footins=9.0pt plus 4.0pt minus 2.0pt
* \hoffset=0.0pt
* \voffset=0.0pt
* \mag=1000
* \@twocolumnfalse
* \@twosidefalse
* \@mparswitchfalse
* \@reversemarginfalse
* (1in=72.27pt=25.4mm, 1cm=28.453pt)

LaTeX Font Info:    External font `cmex10' loaded for size
(Font)              <17.28> on input line 70.
LaTeX Font Info:    External font `cmex10' loaded for size
(Font)              <12> on input line 70.
LaTeX Font Info:    External font `cmex10' loaded for size
(Font)              <7> on input line 70.
LaTeX Font Info:    External font `cmex10' loaded for size
(Font)              <5> on input line 70.
File: images/lnu_etch.png Graphic file (type bmp)
<images/lnu_etch.png>
File: images/logo.png Graphic file (type bmp)
<images/logo.png>

("/Users/pj/Library/Application Support/MiKTeX/texmfs/install/tex/generic/strin
genc/se-ascii-print.def"
File: se-ascii-print.def 2019/11/29 v1.12 stringenc: Printable ASCII characters

) [1




] (main.toc)
\tf@toc=\write6
\openout6 = `main.toc'.

 [2




]

Package fontspec Info: Font family 'Charter(0)' created for font 'Charter'
(fontspec)             with options [Ligatures=TeX,BoldFont={Charter
(fontspec)             Bold},ItalicFont={Charter Italic}].
(fontspec)              
(fontspec)              This font family consists of the following NFSS
(fontspec)             series/shapes:
(fontspec)              
(fontspec)             - 'normal' (m/n) with NFSS spec.:
(fontspec)             <->"Charter/OT:language=dflt;mapping=tex-text;"
(fontspec)             - 'small caps'  (m/sc) with NFSS spec.: 
(fontspec)             - 'bold' (b/n) with NFSS spec.: <->"Charter
(fontspec)             Bold/OT:language=dflt;mapping=tex-text;"
(fontspec)             - 'bold small caps'  (b/sc) with NFSS spec.: 
(fontspec)             - 'italic' (m/it) with NFSS spec.: <->"Charter
(fontspec)             Italic/OT:language=dflt;mapping=tex-text;"
(fontspec)             - 'italic small caps'  (m/scit) with NFSS spec.: 
(fontspec)             - 'bold italic' (b/it) with NFSS spec.: <->"Charter
(fontspec)             Italic/B/OT:language=dflt;mapping=tex-text;"
(fontspec)             - 'bold italic small caps'  (b/scit) with NFSS spec.: 


Chapter 1.
(chapters/background.tex
LaTeX Font Info:    Font shape `TU/Charter(0)/m/sl' in size <12> not available
(Font)              Font shape `TU/Charter(0)/m/it' tried instead on input line
 3.
File: images/monoVSmicroVSfaas.png Graphic file (type bmp)
<images/monoVSmicroVSfaas.png>


Package caption Warning: The option `hypcap=true' will be ignored for this
(caption)                particular \caption on input line 15.
See the caption package documentation for explanation.

[1


]
File: images/architectures.eps Graphic file (type eps)
<images/architectures.eps>


LaTeX Warning: `h' float specifier changed to `ht'.

LaTeX Font Info:    Font shape `TU/Charter(0)/m/sl' in size <9> not available
(Font)              Font shape `TU/Charter(0)/m/it' tried instead on input line
 40.
[2] [3]
("/Users/pj/Library/Application Support/MiKTeX/texmfs/install/tex/latex/listing
s/lstlang1.sty"
File: lstlang1.sty 2020/03/24 1.8d listings language file
) (codes/tsni.txt) [4]) [5] [6]
Chapter 2.
(chapters/motivation.tex
File: images/serverless_popularity.eps Graphic file (type eps)
<images/serverless_popularity.eps>
) [7


]
Chapter 3.
(chapters/problemStatement.tex) [8


]
Chapter 4.
(chapters/contributions.tex) [9


]
Chapter 5.
(chapters/approach.tex) [10


]
Chapter 6.
(chapters/timePlan.tex) [11


]
Chapter 7.
(chapters/cooperationForm.tex) [12


] [13


] [14] (main.aux)
Package rerunfilecheck Info: File `main.out' has not changed.
(rerunfilecheck)             Checksum: 5C29C9591E6EC71852665ED285CB6397;711.
Package logreq Info: Writing requests to 'main.run.xml'.
\openout1 = `main.run.xml'.

 ) 
Here is how much of TeX's memory you used:
 35132 strings out of 412197
 682415 string characters out of 2846542
 1516175 words of memory out of 3000000
 54107 multiletter control sequences out of 15000+200000
 537507 words of font info for 65 fonts, out of 3000000 for 9000
 1348 hyphenation exceptions out of 8191
 106i,11n,111p,2407b,5272s stack positions out of 5000i,500n,10000p,200000b,50000s

Output written on main.pdf (16 pages).
